[2015-12-03 09:44:02] /uk86/index.php?act=wap_circle&op=circleTheme&c_id=1&theme_id=3 ( act=wap_circle&op=circletheme ) 
ERR: Db Error: You have an error in your SQL syntax; check the manual that corresponds to your MySQL server version for the right syntax to use near 'FROM `ukshop_circle_threply` WHERE ( circle_id = '1' ) AND ( theme_id = '3' ) AN' at line 1
SELECT member_id, member_name, reply_content, reply_addtime,  FROM `ukshop_circle_threply` WHERE ( circle_id = '1' ) AND ( theme_id = '3' ) AND ( is_closed = '0' ) ORDER BY reply_addtime desc LIMIT 1000  
[2015-12-03 09:49:21] /uk86/index.php?act=wap_circle&op=circleTheme&c_id=1&theme_id=5 ( act=wap_circle&op=circletheme ) 
ERR: Db Error: You have an error in your SQL syntax; check the manual that corresponds to your MySQL server version for the right syntax to use near 'FROM `ukshop_circle_threply` WHERE ( circle_id = '1' ) AND ( theme_id = '5' ) AN' at line 1
SELECT member_id, member_name, reply_content, reply_addtime,  FROM `ukshop_circle_threply` WHERE ( circle_id = '1' ) AND ( theme_id = '5' ) AND ( is_closed = '0' ) ORDER BY reply_addtime desc LIMIT 1000  
[2015-12-03 09:50:44] /uk86/index.php?act=wap_circle&op=circleTheme&c_id=1&theme_id=5 ( act=wap_circle&op=circletheme ) 
ERR: Db Error: You have an error in your SQL syntax; check the manual that corresponds to your MySQL server version for the right syntax to use near 'FROM `ukshop_circle_threply` WHERE ( circle_id = '1' ) AND ( theme_id = '5' ) AN' at line 1
SELECT member_id, member_name, reply_content, reply_addtime,  FROM `ukshop_circle_threply` WHERE ( circle_id = '1' ) AND ( theme_id = '5' ) AND ( is_closed = '0' ) ORDER BY reply_addtime desc LIMIT 1000  
[2015-12-03 09:50:45] /uk86/index.php?act=wap_circle&op=circleTheme&c_id=1&theme_id=5 ( act=wap_circle&op=circletheme ) 
ERR: Db Error: You have an error in your SQL syntax; check the manual that corresponds to your MySQL server version for the right syntax to use near 'FROM `ukshop_circle_threply` WHERE ( circle_id = '1' ) AND ( theme_id = '5' ) AN' at line 1
SELECT member_id, member_name, reply_content, reply_addtime,  FROM `ukshop_circle_threply` WHERE ( circle_id = '1' ) AND ( theme_id = '5' ) AND ( is_closed = '0' ) ORDER BY reply_addtime desc LIMIT 1000  
[2015-12-03 09:52:59] /uk86/index.php?act=wap_circle&op=circleTheme&c_id=1&theme_id=3 ( act=wap_circle&op=circletheme ) 
ERR: Db Error: You have an error in your SQL syntax; check the manual that corresponds to your MySQL server version for the right syntax to use near 'FROM `ukshop_circle_threply` WHERE ( circle_id = '1' ) AND ( theme_id = '3' ) AN' at line 1
SELECT member_id, member_name, reply_content, reply_addtime,  FROM `ukshop_circle_threply` WHERE ( circle_id = '1' ) AND ( theme_id = '3' ) AND ( is_closed = '0' ) ORDER BY reply_addtime desc LIMIT 1000  
[2015-12-03 10:00:40] /uk86/index.php?act=wap_circle&op=circleTheme&c_id=1&theme_id=3 ( act=wap_circle&op=circletheme ) 
ERR: Db Error: You have an error in your SQL syntax; check the manual that corresponds to your MySQL server version for the right syntax to use near 'FROM `ukshop_circle_threply` WHERE ( circle_id = '1' ) AND ( theme_id = '3' ) AN' at line 1
SELECT member_id, member_name, reply_content, reply_addtime,  FROM `ukshop_circle_threply` WHERE ( circle_id = '1' ) AND ( theme_id = '3' ) AND ( is_closed = '0' ) ORDER BY reply_addtime desc LIMIT 1000  
[2015-12-03 10:01:39] /uk86/index.php?act=wap_circle&op=circleTheme&c_id=1&theme_id=3 ( act=wap_circle&op=circletheme ) 
ERR: Db Error: You have an error in your SQL syntax; check the manual that corresponds to your MySQL server version for the right syntax to use near 'FROM `ukshop_circle_threply` WHERE ( circle_id = '1' ) AND ( theme_id = '3' ) AN' at line 1
SELECT member_id, member_name, reply_content, reply_addtime,  FROM `ukshop_circle_threply` WHERE ( circle_id = '1' ) AND ( theme_id = '3' ) AND ( is_closed = '0' ) ORDER BY reply_addtime desc LIMIT 1000  
[2015-12-03 10:02:36] /uk86/index.php?act=wap_circle&op=circleTheme&c_id=1&theme_id=3 ( act=wap_circle&op=circletheme ) 
ERR: Db Error: You have an error in your SQL syntax; check the manual that corresponds to your MySQL server version for the right syntax to use near 'FROM `ukshop_circle_threply` WHERE ( circle_id = '1' ) AND ( theme_id = '3' ) AN' at line 1
SELECT member_id, member_name, reply_content, reply_addtime,  FROM `ukshop_circle_threply` WHERE ( circle_id = '1' ) AND ( theme_id = '3' ) AND ( is_closed = '0' ) ORDER BY reply_addtime desc LIMIT 1000  
[2015-12-03 10:03:28] /uk86/index.php?act=wap_circle&op=circleTheme&c_id=1&theme_id=3 ( act=wap_circle&op=circletheme ) 
ERR: Db Error: You have an error in your SQL syntax; check the manual that corresponds to your MySQL server version for the right syntax to use near 'FROM `ukshop_circle_threply` WHERE ( circle_id = '1' ) AND ( theme_id = '3' ) AN' at line 1
SELECT member_id, member_name, reply_content, reply_addtime,  FROM `ukshop_circle_threply` WHERE ( circle_id = '1' ) AND ( theme_id = '3' ) AND ( is_closed = '0' ) ORDER BY reply_addtime desc LIMIT 1000  
[2015-12-03 10:04:13] /uk86/index.php?act=wap_circle&op=circleTheme&c_id=1&theme_id=3 ( act=wap_circle&op=circletheme ) 
ERR: Db Error: You have an error in your SQL syntax; check the manual that corresponds to your MySQL server version for the right syntax to use near 'FROM `ukshop_circle_threply` WHERE ( circle_id = '1' ) AND ( theme_id = '3' ) AN' at line 1
SELECT member_id, member_name, reply_content, reply_addtime,  FROM `ukshop_circle_threply` WHERE ( circle_id = '1' ) AND ( theme_id = '3' ) AND ( is_closed = '0' ) ORDER BY reply_addtime desc LIMIT 1000  
[2015-12-03 10:04:34] /uk86/index.php?act=wap_circle&op=circleTheme&c_id=1&theme_id=3 ( act=wap_circle&op=circletheme ) 
ERR: Db Error: You have an error in your SQL syntax; check the manual that corresponds to your MySQL server version for the right syntax to use near 'FROM `ukshop_circle_threply` WHERE ( circle_id = '1' ) AND ( theme_id = '3' ) AN' at line 1
SELECT member_id, member_name, reply_content, reply_addtime,  FROM `ukshop_circle_threply` WHERE ( circle_id = '1' ) AND ( theme_id = '3' ) AND ( is_closed = '0' ) ORDER BY reply_addtime desc LIMIT 1000  
[2015-12-03 10:05:14] /uk86/index.php?act=wap_circle&op=circleTheme&c_id=1&theme_id=3 ( act=wap_circle&op=circletheme ) 
ERR: Db Error: You have an error in your SQL syntax; check the manual that corresponds to your MySQL server version for the right syntax to use near 'FROM `ukshop_circle_threply` WHERE ( circle_id = '1' ) AND ( theme_id = '3' ) AN' at line 1
SELECT member_id, member_name, reply_content, reply_addtime,  FROM `ukshop_circle_threply` WHERE ( circle_id = '1' ) AND ( theme_id = '3' ) AND ( is_closed = '0' ) ORDER BY reply_addtime desc LIMIT 1000  
[2015-12-03 10:05:31] /uk86/index.php?act=wap_circle&op=circleTheme&c_id=1&theme_id=3 ( act=wap_circle&op=circletheme ) 
ERR: Db Error: You have an error in your SQL syntax; check the manual that corresponds to your MySQL server version for the right syntax to use near 'FROM `ukshop_circle_threply` WHERE ( circle_id = '1' ) AND ( theme_id = '3' ) AN' at line 1
SELECT member_id, member_name, reply_content, reply_addtime,  FROM `ukshop_circle_threply` WHERE ( circle_id = '1' ) AND ( theme_id = '3' ) AND ( is_closed = '0' ) ORDER BY reply_addtime desc LIMIT 1000  
[2015-12-03 10:05:40] /uk86/index.php?act=wap_circle&op=circleTheme&c_id=1&theme_id=3 ( act=wap_circle&op=circletheme ) 
ERR: Db Error: You have an error in your SQL syntax; check the manual that corresponds to your MySQL server version for the right syntax to use near 'FROM `ukshop_circle_threply` WHERE ( circle_id = '1' ) AND ( theme_id = '3' ) AN' at line 1
SELECT member_id, member_name, reply_content, reply_addtime,  FROM `ukshop_circle_threply` WHERE ( circle_id = '1' ) AND ( theme_id = '3' ) AND ( is_closed = '0' ) ORDER BY reply_addtime desc LIMIT 1000  
[2015-12-03 10:07:26] /uk86/index.php?act=wap_circle&op=circleTheme&c_id=1&theme_id=3 ( act=wap_circle&op=circletheme ) 
ERR: Db Error: You have an error in your SQL syntax; check the manual that corresponds to your MySQL server version for the right syntax to use near 'FROM `ukshop_circle_threply` WHERE ( circle_id = '1' ) AND ( theme_id = '3' ) AN' at line 1
SELECT member_id, member_name, reply_content, reply_addtime,  FROM `ukshop_circle_threply` WHERE ( circle_id = '1' ) AND ( theme_id = '3' ) AND ( is_closed = '0' ) ORDER BY reply_addtime desc LIMIT 1000  
[2015-12-03 10:08:37] /uk86/index.php?act=wap_circle&op=circleTheme&c_id=1&theme_id=3 ( act=wap_circle&op=circletheme ) 
ERR: Db Error: You have an error in your SQL syntax; check the manual that corresponds to your MySQL server version for the right syntax to use near 'FROM `ukshop_circle_threply` WHERE ( circle_id = '1' ) AND ( theme_id = '3' ) AN' at line 1
SELECT member_id, member_name, reply_content, reply_addtime,  FROM `ukshop_circle_threply` WHERE ( circle_id = '1' ) AND ( theme_id = '3' ) AND ( is_closed = '0' ) ORDER BY reply_addtime desc LIMIT 1000  
[2015-12-03 10:09:18] /uk86/index.php?act=wap_circle&op=circleTheme&c_id=1&theme_id=3 ( act=wap_circle&op=circletheme ) 
ERR: Db Error: You have an error in your SQL syntax; check the manual that corresponds to your MySQL server version for the right syntax to use near 'FROM `ukshop_circle_threply` WHERE ( circle_id = '1' ) AND ( theme_id = '3' ) AN' at line 1
SELECT member_id, member_name, reply_content, reply_addtime,  FROM `ukshop_circle_threply` WHERE ( circle_id = '1' ) AND ( theme_id = '3' ) AND ( is_closed = '0' ) ORDER BY reply_addtime desc LIMIT 1000  
[2015-12-03 10:11:24] /uk86/index.php?act=wap_circle&op=circleTheme&c_id=1&theme_id=3 ( act=wap_circle&op=circletheme ) 
ERR: Db Error: You have an error in your SQL syntax; check the manual that corresponds to your MySQL server version for the right syntax to use near 'FROM `ukshop_circle_threply` WHERE ( circle_id = '1' ) AND ( theme_id = '3' ) AN' at line 1
SELECT member_id, member_name, reply_content, reply_addtime,  FROM `ukshop_circle_threply` WHERE ( circle_id = '1' ) AND ( theme_id = '3' ) AND ( is_closed = '0' ) ORDER BY reply_addtime desc LIMIT 1000  
[2015-12-03 10:11:42] /uk86/index.php?act=wap_circle&op=circleTheme&c_id=1&theme_id=3 ( act=wap_circle&op=circletheme ) 
ERR: Db Error: You have an error in your SQL syntax; check the manual that corresponds to your MySQL server version for the right syntax to use near 'FROM `ukshop_circle_threply` WHERE ( circle_id = '1' ) AND ( theme_id = '3' ) AN' at line 1
SELECT member_id, member_name, reply_content, reply_addtime,  FROM `ukshop_circle_threply` WHERE ( circle_id = '1' ) AND ( theme_id = '3' ) AND ( is_closed = '0' ) ORDER BY reply_addtime desc LIMIT 1000  
[2015-12-03 10:12:29] /uk86/index.php?act=wap_circle&op=circleTheme&c_id=1&theme_id=3 ( act=wap_circle&op=circletheme ) 
ERR: Db Error: You have an error in your SQL syntax; check the manual that corresponds to your MySQL server version for the right syntax to use near 'FROM `ukshop_circle_threply` WHERE ( circle_id = '1' ) AND ( theme_id = '3' ) AN' at line 1
SELECT member_id, member_name, reply_content, reply_addtime,  FROM `ukshop_circle_threply` WHERE ( circle_id = '1' ) AND ( theme_id = '3' ) AND ( is_closed = '0' ) ORDER BY reply_addtime desc LIMIT 1000  
[2015-12-03 10:12:41] /uk86/index.php?act=wap_circle&op=circleTheme&c_id=1&theme_id=3 ( act=wap_circle&op=circletheme ) 
ERR: Db Error: You have an error in your SQL syntax; check the manual that corresponds to your MySQL server version for the right syntax to use near 'FROM `ukshop_circle_threply` WHERE ( circle_id = '1' ) AND ( theme_id = '3' ) AN' at line 1
SELECT member_id, member_name, reply_content, reply_addtime,  FROM `ukshop_circle_threply` WHERE ( circle_id = '1' ) AND ( theme_id = '3' ) AND ( is_closed = '0' ) ORDER BY reply_addtime desc LIMIT 1000  
[2015-12-03 10:28:50] /uk86/index.php?act=wap_circle&op=circleTheme&c_id=1&theme_id=3 ( act=wap_circle&op=circletheme ) 
ERR: Db Error: You have an error in your SQL syntax; check the manual that corresponds to your MySQL server version for the right syntax to use near 'FROM `ukshop_circle_threply` WHERE ( circle_id = '1' ) AND ( theme_id = '3' ) AN' at line 1
SELECT member_id, member_name, reply_content, reply_addtime,  FROM `ukshop_circle_threply` WHERE ( circle_id = '1' ) AND ( theme_id = '3' ) AND ( is_closed = '0' ) ORDER BY reply_addtime desc LIMIT 1000  
[2015-12-03 10:29:00] /uk86/index.php?act=wap_circle&op=circleTheme&c_id=1&theme_id=1 ( act=wap_circle&op=circletheme ) 
ERR: Db Error: You have an error in your SQL syntax; check the manual that corresponds to your MySQL server version for the right syntax to use near 'FROM `ukshop_circle_threply` WHERE ( circle_id = '1' ) AND ( theme_id = '1' ) AN' at line 1
SELECT member_id, member_name, reply_content, reply_addtime,  FROM `ukshop_circle_threply` WHERE ( circle_id = '1' ) AND ( theme_id = '1' ) AND ( is_closed = '0' ) ORDER BY reply_addtime desc LIMIT 1000  
[2015-12-03 10:31:40] /uk86/index.php?act=wap_circle&op=circleTheme&c_id=1&theme_id=1 ( act=wap_circle&op=circletheme ) 
ERR: Db Error: You have an error in your SQL syntax; check the manual that corresponds to your MySQL server version for the right syntax to use near 'FROM `ukshop_circle_threply` WHERE ( circle_id = '1' ) AND ( theme_id = '1' ) AN' at line 1
SELECT member_id, member_name, reply_content, reply_addtime,  FROM `ukshop_circle_threply` WHERE ( circle_id = '1' ) AND ( theme_id = '1' ) AND ( is_closed = '0' ) ORDER BY reply_addtime desc LIMIT 1000  
[2015-12-03 10:31:46] /uk86/index.php?act=wap_circle&op=circleTheme&c_id=1&theme_id=1 ( act=wap_circle&op=circletheme ) 
ERR: Db Error: You have an error in your SQL syntax; check the manual that corresponds to your MySQL server version for the right syntax to use near 'FROM `ukshop_circle_threply` WHERE ( circle_id = '1' ) AND ( theme_id = '1' ) AN' at line 1
SELECT member_id, member_name, reply_content, reply_addtime,  FROM `ukshop_circle_threply` WHERE ( circle_id = '1' ) AND ( theme_id = '1' ) AND ( is_closed = '0' ) ORDER BY reply_addtime desc LIMIT 1000  
[2015-12-03 16:13:08] /uk86/index.php?act=wap_circle&op=circleTheme&c_id=1&theme_id=5 ( act=wap_circle&op=circletheme ) 
ERR: Db Error: Table 'ukshop.ukshop_theme_thpoll' doesn't exist
SELECT * FROM `ukshop_theme_thpoll` WHERE ( theme_id = '5' ) LIMIT 1  
[2015-12-03 16:14:27] /uk86/index.php?act=wap_circle&op=circleTheme&c_id=1&theme_id=5 ( act=wap_circle&op=circletheme ) 
ERR: Db Error: Table 'ukshop.ukshop_theme_thpoll' doesn't exist
SELECT * FROM `ukshop_theme_thpoll` WHERE ( theme_id = '5' ) LIMIT 1  
[2015-12-03 16:17:11] /uk86/index.php?act=wap_circle&op=circleTheme&c_id=1&theme_id=5 ( act=wap_circle&op=circletheme ) 
ERR: Db Error: Table 'ukshop.ukshop_theme_thpoll' doesn't exist
SELECT * FROM `ukshop_theme_thpoll` WHERE ( theme_id = '5' ) LIMIT 1  
[2015-12-03 16:17:27] /uk86/index.php?act=wap_circle&op=circleTheme&c_id=1&theme_id=5 ( act=wap_circle&op=circletheme ) 
ERR: Db Error: Table 'ukshop.ukshop_theme_thpoll' doesn't exist
SELECT * FROM `ukshop_theme_thpoll` WHERE ( theme_id = '5' ) LIMIT 1  
[2015-12-03 16:17:36] /uk86/index.php?act=wap_circle&op=circleTheme&c_id=1&theme_id=5 ( act=wap_circle&op=circletheme ) 
ERR: Db Error: Table 'ukshop.ukshop_theme_thpoll' doesn't exist
SELECT * FROM `ukshop_theme_thpoll` WHERE ( theme_id = '5' ) LIMIT 1  
[2015-12-03 16:18:18] /uk86/index.php?act=wap_circle&op=circleTheme&c_id=1&theme_id=5 ( act=wap_circle&op=circletheme ) 
ERR: Db Error: Table 'ukshop.ukshop_theme_thpoll' doesn't exist
SELECT * FROM `ukshop_theme_thpoll` WHERE ( theme_id = '5' ) LIMIT 1  
[2015-12-03 16:18:42] /uk86/index.php?act=wap_circle&op=circleTheme&c_id=1&theme_id=5 ( act=wap_circle&op=circletheme ) 
ERR: Db Error: Table 'ukshop.ukshop_theme_thpoll' doesn't exist
SELECT * FROM `ukshop_theme_thpoll` WHERE ( theme_id = '5' ) LIMIT 1  
[2015-12-03 16:19:20] /uk86/index.php?act=wap_circle&op=circleTheme&c_id=1&theme_id=5 ( act=wap_circle&op=circletheme ) 
ERR: Db Error: Table 'ukshop.ukshop_theme_thpoll' doesn't exist
SELECT * FROM `ukshop_theme_thpoll` WHERE ( theme_id = '5' ) LIMIT 1  
[2015-12-03 19:46:47] /uk86/index.php?act=wap_circle&op=circleTheme&c_id=1&theme_id=2 ( act=wap_circle&op=circletheme ) 
ERR: Db Error: Unknown column 'member_eamil' in 'field list'
SELECT member_name, member_truename, member_mobile, member_eamil FROM `ukshop_member` WHERE ( member_id = '2' ) LIMIT 1  
[2015-12-03 19:48:54] /uk86/index.php?act=wap_circle&op=circleTheme&c_id=1&theme_id=2 ( act=wap_circle&op=circletheme ) 
ERR: Db Error: Unknown column 'member_eamil' in 'field list'
SELECT member_name, member_truename, member_mobile, member_eamil FROM `ukshop_member` WHERE ( member_id = '2' ) LIMIT 1  
[2015-12-03 19:49:04] /uk86/index.php?act=wap_circle&op=circleTheme&c_id=1&theme_id=1 ( act=wap_circle&op=circletheme ) 
ERR: Db Error: Unknown column 'member_eamil' in 'field list'
SELECT member_name, member_truename, member_mobile, member_eamil FROM `ukshop_member` WHERE ( member_id = '2' ) LIMIT 1  
[2015-12-03 19:49:26] /uk86/index.php?act=wap_circle&op=circleTheme&c_id=1&theme_id=1 ( act=wap_circle&op=circletheme ) 
ERR: Db Error: Unknown column 'member_eamil' in 'field list'
SELECT member_name, member_truename, member_mobile, member_eamil FROM `ukshop_member` WHERE ( member_id = '2' ) LIMIT 1  
[2015-12-03 19:50:02] /uk86/index.php?act=wap_circle&op=circleTheme&c_id=1&theme_id=1 ( act=wap_circle&op=circletheme ) 
ERR: Db Error: Unknown column 'member_eamil' in 'field list'
SELECT member_name, member_truename, member_mobile, member_eamil FROM `ukshop_member` WHERE ( member_id = '2' ) LIMIT 1  
[2015-12-03 19:50:55] /uk86/index.php?act=wap_circle&op=circleTheme&c_id=1&theme_id=1 ( act=wap_circle&op=circletheme ) 
ERR: Db Error: Unknown column 'member_eamil' in 'field list'
SELECT member_name, member_truename, member_mobile, member_eamil FROM `ukshop_member` WHERE ( member_id = '2' ) LIMIT 1  
[2015-12-03 19:51:08] /uk86/index.php?act=wap_circle&op=circleTheme&c_id=1&theme_id=1 ( act=wap_circle&op=circletheme ) 
ERR: Db Error: Unknown column 'member_eamil' in 'field list'
SELECT member_name, member_truename, member_mobile, member_eamil FROM `ukshop_member` WHERE ( member_id = '2' ) LIMIT 1  
[2015-12-03 19:53:36] /uk86/index.php?act=wap_circle&op=circleTheme&c_id=1&theme_id=1 ( act=wap_circle&op=circletheme ) 
ERR: Db Error: Unknown column 'member_eamil' in 'field list'
SELECT member_name, member_truename, member_mobile, member_eamil FROM `ukshop_member` WHERE ( member_id = '2' ) LIMIT 1  
[2015-12-03 19:54:50] /uk86/index.php?act=wap_circle&op=circleTheme&c_id=1&theme_id=1 ( act=wap_circle&op=circletheme ) 
ERR: Db Error: Unknown column 'member_eamil' in 'field list'
SELECT member_name, member_truename, member_mobile, member_eamil FROM `ukshop_member` WHERE ( member_id = '2' ) LIMIT 1  
[2015-12-03 19:59:02] /uk86/index.php?act=wap_circle&op=circleTheme&c_id=1&theme_id=1 ( act=wap_circle&op=circletheme ) 
ERR: Db Error: Unknown column 'member_eamil' in 'field list'
SELECT member_name, member_truename, member_mobile, member_eamil FROM `ukshop_member` WHERE ( member_id = '2' ) LIMIT 1  
[2015-12-03 19:59:14] /uk86/index.php?act=wap_circle&op=circleTheme&c_id=1&theme_id=1 ( act=wap_circle&op=circletheme ) 
ERR: Db Error: Unknown column 'member_eamil' in 'field list'
SELECT member_name, member_truename, member_mobile, member_eamil FROM `ukshop_member` WHERE ( member_id = '2' ) LIMIT 1  
[2015-12-03 19:59:37] /uk86/index.php?act=wap_circle&op=circleTheme&c_id=1&theme_id=1 ( act=wap_circle&op=circletheme ) 
ERR: Db Error: Unknown column 'member_eamil' in 'field list'
SELECT member_name, member_truename, member_mobile, member_eamil FROM `ukshop_member` WHERE ( member_id = '2' ) LIMIT 1  
[2015-12-03 19:59:46] /uk86/index.php?act=wap_circle&op=circleTheme&c_id=1&theme_id=1 ( act=wap_circle&op=circletheme ) 
ERR: Db Error: Unknown column 'member_eamil' in 'field list'
SELECT member_name, member_truename, member_mobile, member_eamil FROM `ukshop_member` WHERE ( member_id = '2' ) LIMIT 1  
[2015-12-03 20:00:32] /uk86/index.php?act=wap_circle&op=circleTheme&c_id=1&theme_id=1 ( act=wap_circle&op=circletheme ) 
ERR: Db Error: Unknown column 'member_eamil' in 'field list'
SELECT member_name, member_truename, member_mobile, member_eamil FROM `ukshop_member` WHERE ( member_id = '2' ) LIMIT 1  
[2015-12-03 20:00:44] /uk86/index.php?act=wap_circle&op=circleTheme&c_id=1&theme_id=1 ( act=wap_circle&op=circletheme ) 
ERR: Db Error: Unknown column 'member_eamil' in 'field list'
SELECT member_name, member_truename, member_mobile, member_eamil FROM `ukshop_member` WHERE ( member_id = '2' ) LIMIT 1  
[2015-12-03 20:01:27] /uk86/index.php?act=wap_circle&op=circleTheme&c_id=1&theme_id=1 ( act=wap_circle&op=circletheme ) 
ERR: Db Error: Unknown column 'member_eamil' in 'field list'
SELECT member_name, member_truename, member_mobile, member_eamil FROM `ukshop_member` WHERE ( member_id = '2' ) LIMIT 1  
[2015-12-03 20:03:17] /uk86/index.php?act=wap_circle&op=circleTheme&c_id=1&theme_id=1 ( act=wap_circle&op=circletheme ) 
ERR: Db Error: Unknown column 'member_eamil' in 'field list'
SELECT member_truename, member_mobile, member_eamil, member_qq FROM `ukshop_member` WHERE ( member_id = '2' ) LIMIT 1  
[2015-12-03 20:05:35] /uk86/index.php?act=wap_circle&op=circleTheme&c_id=1&theme_id=1 ( act=wap_circle&op=circletheme ) 
ERR: Db Error: Unknown column 'member_eamil' in 'field list'
SELECT member_truename, member_mobile, member_eamil, member_qq FROM `ukshop_member` WHERE ( member_id = '2' ) LIMIT 1  
[2015-12-03 20:06:11] /uk86/index.php?act=wap_circle&op=circleTheme&c_id=1&theme_id=1 ( act=wap_circle&op=circletheme ) 
ERR: Db Error: Unknown column 'member_eamil' in 'field list'
SELECT member_truename, member_mobile, member_eamil, member_qq FROM `ukshop_member` WHERE ( member_id = '2' ) LIMIT 1  
[2015-12-03 20:07:03] /uk86/index.php?act=wap_circle&op=circleTheme&c_id=1&theme_id=1 ( act=wap_circle&op=circletheme ) 
ERR: Db Error: Unknown column 'member_eamil' in 'field list'
SELECT member_truename, member_mobile, member_eamil, member_qq FROM `ukshop_member` WHERE ( member_id = '2' ) LIMIT 1  
[2015-12-03 20:08:03] /uk86/index.php?act=wap_circle&op=circleTheme&c_id=1&theme_id=1 ( act=wap_circle&op=circletheme ) 
ERR: Db Error: Unknown column 'member_eamil' in 'field list'
SELECT member_truename, member_mobile, member_eamil, member_qq FROM `ukshop_member` WHERE ( member_id = '2' ) LIMIT 1  
[2015-12-03 20:08:18] /uk86/index.php?act=wap_circle&op=circleTheme&c_id=1&theme_id=1 ( act=wap_circle&op=circletheme ) 
ERR: Db Error: Unknown column 'member_eamil' in 'field list'
SELECT member_truename, member_mobile, member_eamil, member_qq FROM `ukshop_member` WHERE ( member_id = '2' ) LIMIT 1  
[2015-12-03 20:09:08] /uk86/index.php?act=wap_circle&op=circleTheme&c_id=1&theme_id=1 ( act=wap_circle&op=circletheme ) 
ERR: Db Error: Unknown column 'member_eamil' in 'field list'
SELECT member_truename, member_mobile, member_eamil, member_qq FROM `ukshop_member` WHERE ( member_id = '2' ) LIMIT 1  
[2015-12-03 20:09:39] /uk86/index.php?act=wap_circle&op=circleTheme&c_id=1&theme_id=1 ( act=wap_circle&op=circletheme ) 
ERR: Db Error: Unknown column 'member_eamil' in 'field list'
SELECT member_truename, member_mobile, member_eamil, member_qq FROM `ukshop_member` WHERE ( member_id = '2' ) LIMIT 1  
[2015-12-03 20:10:17] /uk86/index.php?act=wap_circle&op=circleTheme&c_id=1&theme_id=1 ( act=wap_circle&op=circletheme ) 
ERR: Db Error: Unknown column 'member_eamil' in 'field list'
SELECT member_truename, member_mobile, member_eamil, member_qq FROM `ukshop_member` WHERE ( member_id = '2' ) LIMIT 1  
[2015-12-03 20:10:31] /uk86/index.php?act=wap_circle&op=circleTheme&c_id=1&theme_id=1 ( act=wap_circle&op=circletheme ) 
ERR: Db Error: Unknown column 'member_eamil' in 'field list'
SELECT member_truename, member_mobile, member_eamil, member_qq FROM `ukshop_member` WHERE ( member_id = '2' ) LIMIT 1  
[2015-12-03 20:10:40] /uk86/index.php?act=wap_circle&op=circleTheme&c_id=1&theme_id=1 ( act=wap_circle&op=circletheme ) 
ERR: Db Error: Unknown column 'member_eamil' in 'field list'
SELECT member_truename, member_mobile, member_eamil, member_qq FROM `ukshop_member` WHERE ( member_id = '2' ) LIMIT 1  
[2015-12-03 20:10:49] /uk86/index.php?act=wap_circle&op=circleTheme&c_id=1&theme_id=1 ( act=wap_circle&op=circletheme ) 
ERR: Db Error: Unknown column 'member_eamil' in 'field list'
SELECT member_truename, member_mobile, member_eamil, member_qq FROM `ukshop_member` WHERE ( member_id = '2' ) LIMIT 1  
[2015-12-03 20:11:02] /uk86/index.php?act=wap_circle&op=circleTheme&c_id=1&theme_id=1 ( act=wap_circle&op=circletheme ) 
ERR: Db Error: Unknown column 'member_eamil' in 'field list'
SELECT member_truename, member_mobile, member_eamil, member_qq FROM `ukshop_member` WHERE ( member_id = '2' ) LIMIT 1  
[2015-12-03 20:12:20] /uk86/index.php?act=wap_circle&op=circleTheme&c_id=1&theme_id=1 ( act=wap_circle&op=circletheme ) 
ERR: Db Error: Unknown column 'member_eamil' in 'field list'
SELECT member_truename, member_mobile, member_eamil, member_qq FROM `ukshop_member` WHERE ( member_id = '2' ) LIMIT 1  
[2015-12-03 20:12:40] /uk86/index.php?act=wap_circle&op=circleTheme&c_id=1&theme_id=1 ( act=wap_circle&op=circletheme ) 
ERR: Db Error: Unknown column 'member_eamil' in 'field list'
SELECT member_truename, member_mobile, member_eamil, member_qq FROM `ukshop_member` WHERE ( member_id = '2' ) LIMIT 1  
[2015-12-03 20:16:30] /uk86/index.php?act=wap_circle&op=circleTheme&c_id=1&theme_id=1 ( act=wap_circle&op=circletheme ) 
ERR: Db Error: Unknown column 'member_eamil' in 'field list'
SELECT member_truename, member_mobile, member_eamil, member_qq FROM `ukshop_member` WHERE ( member_id = '2' ) LIMIT 1  
[2015-12-03 20:16:57] /uk86/index.php?act=wap_circle&op=circleTheme&c_id=1&theme_id=1 ( act=wap_circle&op=circletheme ) 
ERR: Db Error: Unknown column 'member_eamil' in 'field list'
SELECT member_truename, member_mobile, member_eamil, member_qq FROM `ukshop_member` WHERE ( member_id = '2' ) LIMIT 1  
[2015-12-03 20:18:03] /uk86/index.php?act=wap_circle&op=circleTheme&c_id=1&theme_id=1 ( act=wap_circle&op=circletheme ) 
ERR: Db Error: Unknown column 'member_eamil' in 'field list'
SELECT member_truename, member_mobile, member_eamil, member_qq FROM `ukshop_member` WHERE ( member_id = '2' ) LIMIT 1  
[2015-12-03 20:18:32] /uk86/index.php?act=wap_circle&op=circleTheme&c_id=1&theme_id=1 ( act=wap_circle&op=circletheme ) 
ERR: Db Error: Unknown column 'member_eamil' in 'field list'
SELECT member_truename, member_mobile, member_eamil, member_qq FROM `ukshop_member` WHERE ( member_id = '2' ) LIMIT 1  
[2015-12-03 20:18:40] /uk86/index.php?act=wap_circle&op=circleTheme&c_id=1&theme_id=1 ( act=wap_circle&op=circletheme ) 
ERR: Db Error: Unknown column 'member_eamil' in 'field list'
SELECT member_truename, member_mobile, member_eamil, member_qq FROM `ukshop_member` WHERE ( member_id = '2' ) LIMIT 1  
[2015-12-03 20:26:36] /uk86/index.php?act=wap_circle&op=circleTheme&c_id=1&theme_id=1 ( act=wap_circle&op=circletheme ) 
ERR: Db Error: Unknown column 'member_eamil' in 'field list'
SELECT member_truename, member_mobile, member_eamil, member_qq FROM `ukshop_member` WHERE ( member_id = '2' ) LIMIT 1  
[2015-12-03 20:27:34] /uk86/index.php?act=wap_circle&op=circleTheme&c_id=1&theme_id=1 ( act=wap_circle&op=circletheme ) 
ERR: Db Error: Unknown column 'member_eamil' in 'field list'
SELECT member_truename, member_mobile, member_eamil, member_qq FROM `ukshop_member` WHERE ( member_id = '2' ) LIMIT 1  
[2015-12-03 20:28:28] /uk86/index.php?act=wap_circle&op=circleTheme&c_id=1&theme_id=1 ( act=wap_circle&op=circletheme ) 
ERR: Db Error: Unknown column 'member_eamil' in 'field list'
SELECT member_truename, member_mobile, member_eamil, member_qq FROM `ukshop_member` WHERE ( member_id = '2' ) LIMIT 1  
