[2015-11-09 08:35:35] /uk86/shop/index.php?act=wap_member ( act=wap_member&op=index ) 
ERR: Db Error: Unknown column 'member_id' in 'where clause'
SELECT COUNT(*) AS nc_count FROM `ukshop_order` WHERE ( member_id = NULL ) AND ( order_state = '20' ) LIMIT 1  
[2015-11-09 08:35:35] /uk86/shop/index.php?act=wap_member ( act=wap_member&op=index ) 
ERR: Db Error: You have an error in your SQL syntax; check the manual that corresponds to your MySQL server version for the right syntax to use near 'and refund_state in (1,2) LIMIT 1' at line 1
SELECT COUNT(*) AS nc_count FROM `ukshop_refund_return` WHERE buyer_id =  and refund_state in (1,2) LIMIT 1  
[2015-11-09 09:23:27] /uk86/shop/index.php?act=wap_member ( act=wap_member&op=index ) 
ERR: Db Error: Unknown column 'member_id' in 'where clause'
SELECT COUNT(*) AS nc_count FROM `ukshop_order` WHERE ( member_id = '2' ) AND ( order_state = '20' ) LIMIT 1  
[2015-11-09 09:23:37] /uk86/shop/index.php?act=wap_member ( act=wap_member&op=index ) 
ERR: Db Error: Unknown column 'member_id' in 'where clause'
SELECT COUNT(*) AS nc_count FROM `ukshop_order` WHERE ( member_id = '2' ) AND ( order_state = '20' ) LIMIT 1  
[2015-11-09 09:39:22] /uk86/shop/index.php?act=wap_member ( act=wap_member&op=index ) 
ERR: Db Error: Unknown column 'member_id' in 'where clause'
SELECT COUNT(*) AS nc_count FROM `ukshop_order` WHERE ( member_id = '2' ) AND ( order_state = '20' ) LIMIT 1  
[2015-11-09 09:54:22] /uk86/index.php?act=wap_member ( act=wap_member&op=index ) 
ERR: Db Error: Unknown column 'member_id' in 'where clause'
SELECT COUNT(*) AS nc_count FROM `ukshop_order` WHERE ( member_id = NULL ) AND ( order_state = '20' ) LIMIT 1  
[2015-11-09 09:54:22] /uk86/index.php?act=wap_member ( act=wap_member&op=index ) 
ERR: Db Error: You have an error in your SQL syntax; check the manual that corresponds to your MySQL server version for the right syntax to use near 'and refund_state in (1,2) LIMIT 1' at line 1
SELECT COUNT(*) AS nc_count FROM `ukshop_refund_return` WHERE buyer_id =  and refund_state in (1,2) LIMIT 1  
[2015-11-09 10:01:10] /uk86/shop/index.php?act=wap_member ( act=wap_member&op=index ) 
ERR: Db Error: Unknown column 'member_id' in 'where clause'
SELECT COUNT(*) AS nc_count FROM `ukshop_order` WHERE ( member_id = '2' ) AND ( order_state = '20' ) LIMIT 1  
[2015-11-09 10:03:20] /uk86/shop/index.php?act=wap_member ( act=wap_member&op=index ) 
ERR: Db Error: Unknown column 'member_id' in 'where clause'
SELECT COUNT(*) AS nc_count FROM `ukshop_order` WHERE ( member_id = '2' ) AND ( order_state = '20' ) LIMIT 1  
[2015-11-09 10:03:39] /uk86/shop/index.php?act=wap_member ( act=wap_member&op=index ) 
ERR: Db Error: Unknown column 'member_id' in 'where clause'
SELECT COUNT(*) AS nc_count FROM `ukshop_order` WHERE ( member_id = '2' ) AND ( order_state = '20' ) LIMIT 1  
[2015-11-09 10:08:22] /uk86/shop/index.php?act=wap_member ( act=wap_member&op=index ) 
ERR: Db Error: Unknown column 'member_id' in 'where clause'
SELECT COUNT(*) AS nc_count FROM `ukshop_order` WHERE ( member_id = '2' ) AND ( order_state = '20' ) LIMIT 1  
[2015-11-09 10:08:25] /uk86/shop/index.php?act=wap_member ( act=wap_member&op=index ) 
ERR: Db Error: Unknown column 'member_id' in 'where clause'
SELECT COUNT(*) AS nc_count FROM `ukshop_order` WHERE ( member_id = '2' ) AND ( order_state = '20' ) LIMIT 1  
[2015-11-09 10:25:47] /uk86/shop/index.php?act=wap_member ( act=wap_member&op=index ) 
ERR: Db Error: Unknown column 'member_id' in 'where clause'
SELECT COUNT(*) AS nc_count FROM `ukshop_order` WHERE ( member_id = '2' ) AND ( order_state = '20' ) LIMIT 1  
[2015-11-09 10:32:03] /uk86/shop/index.php?act=wap_member ( act=wap_member&op=index ) 
ERR: Db Error: Unknown column 'member_id' in 'where clause'
SELECT COUNT(*) AS nc_count FROM `ukshop_order` WHERE ( member_id = '2' ) AND ( order_state = '20' ) LIMIT 1  
[2015-11-09 10:35:49] /uk86/shop/index.php?act=wap_member ( act=wap_member&op=index ) 
ERR: Db Error: Unknown column 'member_id' in 'where clause'
SELECT COUNT(*) AS nc_count FROM `ukshop_order` WHERE ( member_id = '2' ) AND ( order_state = '20' ) LIMIT 1  
[2015-11-09 10:51:45] /uk86/shop/index.php?act=wap_member ( act=wap_member&op=index ) 
ERR: Db Error: Unknown column 'member_id' in 'where clause'
SELECT COUNT(*) AS nc_count FROM `ukshop_order` WHERE ( member_id = '2' ) AND ( order_state = '20' ) LIMIT 1  
[2015-11-09 10:52:20] /uk86/shop/index.php?act=wap_member ( act=wap_member&op=index ) 
ERR: Db Error: Unknown column 'member_id' in 'where clause'
SELECT COUNT(*) AS nc_count FROM `ukshop_order` WHERE ( member_id = '2' ) AND ( order_state = '20' ) LIMIT 1  
[2015-11-09 10:53:40] /uk86/shop/index.php?act=wap_member ( act=wap_member&op=index ) 
ERR: Db Error: Unknown column 'member_id' in 'where clause'
SELECT COUNT(*) AS nc_count FROM `ukshop_order` WHERE ( member_id = '2' ) AND ( order_state = '20' ) LIMIT 1  
[2015-11-09 10:54:22] /uk86/shop/index.php?act=wap_member ( act=wap_member&op=index ) 
ERR: Db Error: Unknown column 'member_id' in 'where clause'
SELECT COUNT(*) AS nc_count FROM `ukshop_order` WHERE ( member_id = '2' ) AND ( order_state = '20' ) LIMIT 1  
[2015-11-09 11:02:33] /uk86/shop/index.php?act=wap_member ( act=wap_member&op=index ) 
ERR: Db Error: Unknown column 'member_id' in 'where clause'
SELECT COUNT(*) AS nc_count FROM `ukshop_order` WHERE ( member_id = '2' ) AND ( order_state = '20' ) LIMIT 1  
[2015-11-09 11:04:29] /uk86/shop/index.php?act=wap_member ( act=wap_member&op=index ) 
ERR: Db Error: Unknown column 'member_id' in 'where clause'
SELECT COUNT(*) AS nc_count FROM `ukshop_order` WHERE ( member_id = '2' ) AND ( order_state = '20' ) LIMIT 1  
[2015-11-09 11:04:41] /uk86/shop/index.php?act=wap_member ( act=wap_member&op=index ) 
ERR: Db Error: Unknown column 'member_id' in 'where clause'
SELECT COUNT(*) AS nc_count FROM `ukshop_order` WHERE ( member_id = '2' ) AND ( order_state = '20' ) LIMIT 1  
[2015-11-09 11:04:46] /uk86/shop/index.php?act=wap_member ( act=wap_member&op=index ) 
ERR: Db Error: Unknown column 'member_id' in 'where clause'
SELECT COUNT(*) AS nc_count FROM `ukshop_order` WHERE ( member_id = '2' ) AND ( order_state = '20' ) LIMIT 1  
[2015-11-09 11:09:57] /uk86/shop/index.php?act=wap_member ( act=wap_member&op=index ) 
ERR: Db Error: Unknown column 'member_id' in 'where clause'
SELECT COUNT(*) AS nc_count FROM `ukshop_order` WHERE ( member_id = '2' ) AND ( order_state = '20' ) LIMIT 1  
[2015-11-09 11:22:21] /uk86/shop/index.php?act=wap_member ( act=wap_member&op=index ) 
ERR: Db Error: Unknown column 'member_id' in 'where clause'
SELECT COUNT(*) AS nc_count FROM `ukshop_order` WHERE ( member_id = '2' ) AND ( order_state = '20' ) LIMIT 1  
[2015-11-09 11:22:25] /uk86/shop/index.php?act=wap_member ( act=wap_member&op=index ) 
ERR: Db Error: Unknown column 'member_id' in 'where clause'
SELECT COUNT(*) AS nc_count FROM `ukshop_order` WHERE ( member_id = '2' ) AND ( order_state = '20' ) LIMIT 1  
[2015-11-09 11:22:39] /uk86/shop/index.php?act=wap_member ( act=wap_member&op=index ) 
ERR: Db Error: Unknown column 'member_id' in 'where clause'
SELECT COUNT(*) AS nc_count FROM `ukshop_order` WHERE ( member_id = '2' ) AND ( order_state = '20' ) LIMIT 1  
[2015-11-09 11:22:49] /uk86/shop/index.php?act=wap_member ( act=wap_member&op=index ) 
ERR: Db Error: Unknown column 'member_id' in 'where clause'
SELECT COUNT(*) AS nc_count FROM `ukshop_order` WHERE ( member_id = '2' ) AND ( order_state = '20' ) LIMIT 1  
[2015-11-09 11:28:52] /uk86/shop/index.php?act=wap_member ( act=wap_member&op=index ) 
ERR: Db Error: Unknown column 'member_id' in 'where clause'
SELECT COUNT(*) AS nc_count FROM `ukshop_order` WHERE ( member_id = '2' ) AND ( order_state = '20' ) LIMIT 1  
[2015-11-09 11:29:00] /uk86/shop/index.php?act=wap_member ( act=wap_member&op=index ) 
ERR: Db Error: Unknown column 'member_id' in 'where clause'
SELECT COUNT(*) AS nc_count FROM `ukshop_order` WHERE ( member_id = '2' ) AND ( order_state = '20' ) LIMIT 1  
[2015-11-09 13:06:33] /uk86/index.php?act=wap_member ( act=wap_member&op=index ) 
ERR: Db Error: Unknown column 'member_id' in 'where clause'
SELECT COUNT(*) AS nc_count FROM `ukshop_order` WHERE ( member_id = '2' ) AND ( order_state = '20' ) LIMIT 1  
[2015-11-09 13:12:39] /uk86/index.php?act=wap_member ( act=wap_member&op=index ) 
ERR: Db Error: Unknown column 'member_id' in 'where clause'
SELECT COUNT(*) AS nc_count FROM `ukshop_order` WHERE ( member_id = '2' ) AND ( order_state = '20' ) LIMIT 1  
[2015-11-09 13:33:57] /uk86/index.php?act=wap_member ( act=wap_member&op=index ) 
ERR: Db Error: Unknown column 'member_id' in 'where clause'
SELECT COUNT(*) AS nc_count FROM `ukshop_order` WHERE ( member_id = '2' ) AND ( order_state = '20' ) LIMIT 1  
[2015-11-09 14:21:08] /uk86/index.php?act=wap_member ( act=wap_member&op=index ) 
ERR: Db Error: Unknown column 'member_id' in 'where clause'
SELECT COUNT(*) AS nc_count FROM `ukshop_order` WHERE ( member_id = '2' ) AND ( order_state = '20' ) LIMIT 1  
[2015-11-09 14:39:07] /uk86/shop/index.php?act=wap_member ( act=wap_member&op=index ) 
ERR: Db Error: Unknown column 'member_id' in 'where clause'
SELECT COUNT(*) AS nc_count FROM `ukshop_order` WHERE ( member_id = NULL ) AND ( order_state = '20' ) LIMIT 1  
[2015-11-09 14:39:07] /uk86/shop/index.php?act=wap_member ( act=wap_member&op=index ) 
ERR: Db Error: You have an error in your SQL syntax; check the manual that corresponds to your MySQL server version for the right syntax to use near 'and refund_state in (1,2) LIMIT 1' at line 1
SELECT COUNT(*) AS nc_count FROM `ukshop_refund_return` WHERE buyer_id =  and refund_state in (1,2) LIMIT 1  
[2015-11-09 14:39:30] /uk86/shop/index.php?act=wap_member ( act=wap_member&op=index ) 
ERR: Db Error: Unknown column 'member_id' in 'where clause'
SELECT COUNT(*) AS nc_count FROM `ukshop_order` WHERE ( member_id = '2' ) AND ( order_state = '20' ) LIMIT 1  
[2015-11-09 14:43:53] /uk86/shop/index.php?act=wap_member ( act=wap_member&op=index ) 
ERR: Db Error: Unknown column 'member_id' in 'where clause'
SELECT COUNT(*) AS nc_count FROM `ukshop_order` WHERE ( member_id = '2' ) AND ( order_state = '20' ) LIMIT 1  
[2015-11-09 14:43:58] /uk86/shop/index.php?act=wap_member ( act=wap_member&op=index ) 
ERR: Db Error: Unknown column 'member_id' in 'where clause'
SELECT COUNT(*) AS nc_count FROM `ukshop_order` WHERE ( member_id = '2' ) AND ( order_state = '20' ) LIMIT 1  
[2015-11-09 14:44:00] /uk86/shop/index.php?act=wap_member ( act=wap_member&op=index ) 
ERR: Db Error: Unknown column 'member_id' in 'where clause'
SELECT COUNT(*) AS nc_count FROM `ukshop_order` WHERE ( member_id = '2' ) AND ( order_state = '20' ) LIMIT 1  
[2015-11-09 15:02:25] /uk86/shop/index.php?act=wap_member ( act=wap_member&op=index ) 
ERR: Db Error: Unknown column 'member_id' in 'where clause'
SELECT COUNT(*) AS nc_count FROM `ukshop_order` WHERE ( member_id = '2' ) AND ( order_state = '20' ) LIMIT 1  
[2015-11-09 15:02:30] /uk86/shop/index.php?act=wap_member ( act=wap_member&op=index ) 
ERR: Db Error: Unknown column 'member_id' in 'where clause'
SELECT COUNT(*) AS nc_count FROM `ukshop_order` WHERE ( member_id = '2' ) AND ( order_state = '20' ) LIMIT 1  
[2015-11-09 15:02:36] /uk86/shop/index.php?act=wap_member ( act=wap_member&op=index ) 
ERR: Db Error: Unknown column 'member_id' in 'where clause'
SELECT COUNT(*) AS nc_count FROM `ukshop_order` WHERE ( member_id = '2' ) AND ( order_state = '20' ) LIMIT 1  
[2015-11-09 15:02:54] /uk86/shop/index.php?act=wap_member ( act=wap_member&op=index ) 
ERR: Db Error: Unknown column 'member_id' in 'where clause'
SELECT COUNT(*) AS nc_count FROM `ukshop_order` WHERE ( member_id = '2' ) AND ( order_state = '20' ) LIMIT 1  
[2015-11-09 15:16:26] /uk86/shop/index.php?act=wap_member ( act=wap_member&op=index ) 
ERR: Db Error: Unknown column 'member_id' in 'where clause'
SELECT COUNT(*) AS nc_count FROM `ukshop_order` WHERE ( member_id = '2' ) AND ( order_state = '20' ) LIMIT 1  
[2015-11-09 15:28:49] /uk86/shop/index.php?act=wap_member ( act=wap_member&op=index ) 
ERR: Db Error: Unknown column 'member_id' in 'where clause'
SELECT COUNT(*) AS nc_count FROM `ukshop_order` WHERE ( member_id = '2' ) AND ( order_state = '20' ) LIMIT 1  
[2015-11-09 15:28:54] /uk86/shop/index.php?act=wap_member ( act=wap_member&op=index ) 
ERR: Db Error: Unknown column 'member_id' in 'where clause'
SELECT COUNT(*) AS nc_count FROM `ukshop_order` WHERE ( member_id = '2' ) AND ( order_state = '20' ) LIMIT 1  
[2015-11-09 15:29:18] /uk86/shop/index.php?act=wap_member ( act=wap_member&op=index ) 
ERR: Db Error: Unknown column 'member_id' in 'where clause'
SELECT COUNT(*) AS nc_count FROM `ukshop_order` WHERE ( member_id = '2' ) AND ( order_state = '20' ) LIMIT 1  
[2015-11-09 16:50:59] /uk86/index.php?act=wap_member ( act=wap_member&op=index ) 
ERR: Db Error: Unknown column 'member_id' in 'where clause'
SELECT COUNT(*) AS nc_count FROM `ukshop_order` WHERE ( member_id = '2' ) AND ( order_state = '20' ) LIMIT 1  
[2015-11-09 16:51:04] /uk86/index.php?act=wap_member ( act=wap_member&op=index ) 
ERR: Db Error: Unknown column 'member_id' in 'where clause'
SELECT COUNT(*) AS nc_count FROM `ukshop_order` WHERE ( member_id = '2' ) AND ( order_state = '20' ) LIMIT 1  
[2015-11-09 16:51:13] /uk86/index.php?act=wap_member ( act=wap_member&op=index ) 
ERR: Db Error: Unknown column 'member_id' in 'where clause'
SELECT COUNT(*) AS nc_count FROM `ukshop_order` WHERE ( member_id = '2' ) AND ( order_state = '20' ) LIMIT 1  
[2015-11-09 16:52:17] /uk86/index.php?act=wap_member ( act=wap_member&op=index ) 
ERR: Db Error: Unknown column 'member_id' in 'where clause'
SELECT COUNT(*) AS nc_count FROM `ukshop_order` WHERE ( member_id = '2' ) AND ( order_state = '20' ) LIMIT 1  
[2015-11-09 16:59:26] /uk86/index.php?act=wap_member ( act=wap_member&op=index ) 
ERR: Db Error: Unknown column 'member_id' in 'where clause'
SELECT COUNT(*) AS nc_count FROM `ukshop_order` WHERE ( member_id = '2' ) AND ( order_state = '20' ) LIMIT 1  
[2015-11-09 16:59:26] /uk86/index.php?act=wap_member ( act=wap_member&op=index ) 
ERR: Db Error: Unknown column 'member_id' in 'where clause'
SELECT COUNT(*) AS nc_count FROM `ukshop_order` WHERE ( member_id = '2' ) AND ( order_state = '20' ) LIMIT 1  
[2015-11-09 17:04:41] /uk86/index.php?act=wap_member ( act=wap_member&op=index ) 
ERR: Db Error: Unknown column 'member_id' in 'where clause'
SELECT COUNT(*) AS nc_count FROM `ukshop_order` WHERE ( member_id = '2' ) AND ( order_state = '20' ) LIMIT 1  
[2015-11-09 17:06:03] /uk86/index.php?act=wap_member ( act=wap_member&op=index ) 
ERR: Db Error: Unknown column 'member_id' in 'where clause'
SELECT COUNT(*) AS nc_count FROM `ukshop_order` WHERE ( member_id = '2' ) AND ( order_state = '20' ) LIMIT 1  
[2015-11-09 17:06:29] /uk86/index.php?act=wap_member ( act=wap_member&op=index ) 
ERR: Db Error: Unknown column 'member_id' in 'where clause'
SELECT COUNT(*) AS nc_count FROM `ukshop_order` WHERE ( member_id = '2' ) AND ( order_state = '20' ) LIMIT 1  
[2015-11-09 17:07:10] /uk86/index.php?act=wap_member ( act=wap_member&op=index ) 
ERR: Db Error: Unknown column 'member_id' in 'where clause'
SELECT COUNT(*) AS nc_count FROM `ukshop_order` WHERE ( member_id = '2' ) AND ( order_state = '20' ) LIMIT 1  
[2015-11-09 17:07:18] /uk86/index.php?act=wap_member ( act=wap_member&op=index ) 
ERR: Db Error: Unknown column 'member_id' in 'where clause'
SELECT COUNT(*) AS nc_count FROM `ukshop_order` WHERE ( member_id = '2' ) AND ( order_state = '20' ) LIMIT 1  
[2015-11-09 17:18:54] /uk86/shop/index.php?act=wap_member ( act=wap_member&op=index ) 
ERR: Db Error: Unknown column 'member_id' in 'where clause'
SELECT COUNT(*) AS nc_count FROM `ukshop_order` WHERE ( member_id = NULL ) AND ( order_state = '20' ) LIMIT 1  
[2015-11-09 17:18:54] /uk86/shop/index.php?act=wap_member ( act=wap_member&op=index ) 
ERR: Db Error: You have an error in your SQL syntax; check the manual that corresponds to your MySQL server version for the right syntax to use near 'and refund_state in (1,2) LIMIT 1' at line 1
SELECT COUNT(*) AS nc_count FROM `ukshop_refund_return` WHERE buyer_id =  and refund_state in (1,2) LIMIT 1  
